Watching for file changes with StatReloader
Watching for file changes with StatReloader
[02/Aug/2025 14:01:52] "GET / HTTP/1.1" 200 25897
[02/Aug/2025 14:02:02] "GET / HTTP/1.1" 200 25897
[02/Aug/2025 14:02:02] "GET /static/css/home.css HTTP/1.1" 200 822
[02/Aug/2025 14:02:02] "GET /static/css/normalize.css HTTP/1.1" 200 6138
[02/Aug/2025 14:02:03] "GET /static/js/main.js HTTP/1.1" 200 9640
[02/Aug/2025 14:02:03] "GET /static/css/main.css HTTP/1.1" 200 31211
[02/Aug/2025 14:02:03] "GET /media/content/avatar_tlzKLBr_llBn4V4_ixeGtdh_4sFJPZU_r1E32v8_wS6AO3V_PBBhGRj_YCYL7rX.webp HTTP/1.1" 200 78590
[02/Aug/2025 14:02:03] "GET /static/css/article-detail.css HTTP/1.1" 200 5032
[02/Aug/2025 14:02:03] "GET /static/images/favicon.png HTTP/1.1" 200 0
[02/Aug/2025 14:02:36] "GET /login/ HTTP/1.1" 200 20538
[02/Aug/2025 14:03:16] "POST /login/ HTTP/1.1" 200 20773
[02/Aug/2025 14:03:57] "POST /login/ HTTP/1.1" 302 0
[02/Aug/2025 14:03:58] "GET / HTTP/1.1" 200 26129
[02/Aug/2025 14:04:09] "GET /wiki/recent-changes-patrol/ HTTP/1.1" 200 39634
[02/Aug/2025 14:04:22] "GET /revision/11/review/ HTTP/1.1" 200 40272
[02/Aug/2025 14:04:35] "POST /revision/11/review/action/ HTTP/1.1" 302 0
[02/Aug/2025 14:04:35] "GET /wiki/review-queue/ HTTP/1.1" 200 31737
Internal Server Error: /wiki/peter-gangmei/
Traceback (most recent call last):
  File "/Users/petergangmei/Developer/Crossplatform/django/northeastindia_wiki/venv/lib/python3.13/site-packages/django/template/smartif.py", line 180, in translate_token
    op = OPERATORS[token]
         ~~~~~~~~~^^^^^^^
KeyError: "'autoconfirmed,extended_confirmed,reviewer,editor,admin'|split:','"

During handling of the above exception, another exception occurred:

Traceback (most recent call last):
  File "/Users/petergangmei/Developer/Crossplatform/django/northeastindia_wiki/venv/lib/python3.13/site-packages/django/core/handlers/exception.py", line 55, in inner
    response = get_response(request)
  File "/Users/petergangmei/Developer/Crossplatform/django/northeastindia_wiki/venv/lib/python3.13/site-packages/django/core/handlers/base.py", line 197, in _get_response
    response = wrapped_callback(request, *callback_args, **callback_kwargs)
  File "/Users/petergangmei/Developer/Crossplatform/django/northeastindia_wiki/app/views.py", line 322, in article_detail
    return render(request, 'articles/article_detail.html', context)
  File "/Users/petergangmei/Developer/Crossplatform/django/northeastindia_wiki/venv/lib/python3.13/site-packages/django/shortcuts.py", line 25, in render
    content = loader.render_to_string(template_name, context, request, using=using)
  File "/Users/petergangmei/Developer/Crossplatform/django/northeastindia_wiki/venv/lib/python3.13/site-packages/django/template/loader.py", line 61, in render_to_string
    template = get_template(template_name, using=using)
  File "/Users/petergangmei/Developer/Crossplatform/django/northeastindia_wiki/venv/lib/python3.13/site-packages/django/template/loader.py", line 15, in get_template
    return engine.get_template(template_name)
           ~~~~~~~~~~~~~~~~~~~^^^^^^^^^^^^^^^
  File "/Users/petergangmei/Developer/Crossplatform/django/northeastindia_wiki/venv/lib/python3.13/site-packages/django/template/backends/django.py", line 79, in get_template
    return Template(self.engine.get_template(template_name), self)
                    ~~~~~~~~~~~~~~~~~~~~~~~~^^^^^^^^^^^^^^^
  File "/Users/petergangmei/Developer/Crossplatform/django/northeastindia_wiki/venv/lib/python3.13/site-packages/django/template/engine.py", line 177, in get_template
    template, origin = self.find_template(template_name)
                       ~~~~~~~~~~~~~~~~~~^^^^^^^^^^^^^^^
  File "/Users/petergangmei/Developer/Crossplatform/django/northeastindia_wiki/venv/lib/python3.13/site-packages/django/template/engine.py", line 159, in find_template
    template = loader.get_template(name, skip=skip)
  File "/Users/petergangmei/Developer/Crossplatform/django/northeastindia_wiki/venv/lib/python3.13/site-packages/django/template/loaders/cached.py", line 57, in get_template
    template = super().get_template(template_name, skip)
  File "/Users/petergangmei/Developer/Crossplatform/django/northeastindia_wiki/venv/lib/python3.13/site-packages/django/template/loaders/base.py", line 28, in get_template
    return Template(
        contents,
    ...<2 lines>...
        self.engine,
    )
  File "/Users/petergangmei/Developer/Crossplatform/django/northeastindia_wiki/venv/lib/python3.13/site-packages/django/template/base.py", line 154, in __init__
    self.nodelist = self.compile_nodelist()
                    ~~~~~~~~~~~~~~~~~~~~~^^
  File "/Users/petergangmei/Developer/Crossplatform/django/northeastindia_wiki/venv/lib/python3.13/site-packages/django/template/base.py", line 196, in compile_nodelist
    nodelist = parser.parse()
  File "/Users/petergangmei/Developer/Crossplatform/django/northeastindia_wiki/venv/lib/python3.13/site-packages/django/template/base.py", line 518, in parse
    raise self.error(token, e)
  File "/Users/petergangmei/Developer/Crossplatform/django/northeastindia_wiki/venv/lib/python3.13/site-packages/django/template/base.py", line 516, in parse
    compiled_result = compile_func(self, token)
  File "/Users/petergangmei/Developer/Crossplatform/django/northeastindia_wiki/venv/lib/python3.13/site-packages/django/template/loader_tags.py", line 299, in do_extends
    nodelist = parser.parse()
  File "/Users/petergangmei/Developer/Crossplatform/django/northeastindia_wiki/venv/lib/python3.13/site-packages/django/template/base.py", line 518, in parse
    raise self.error(token, e)
  File "/Users/petergangmei/Developer/Crossplatform/django/northeastindia_wiki/venv/lib/python3.13/site-packages/django/template/base.py", line 516, in parse
    compiled_result = compile_func(self, token)
  File "/Users/petergangmei/Developer/Crossplatform/django/northeastindia_wiki/venv/lib/python3.13/site-packages/django/template/loader_tags.py", line 234, in do_block
    nodelist = parser.parse(("endblock",))
  File "/Users/petergangmei/Developer/Crossplatform/django/northeastindia_wiki/venv/lib/python3.13/site-packages/django/template/base.py", line 518, in parse
    raise self.error(token, e)
  File "/Users/petergangmei/Developer/Crossplatform/django/northeastindia_wiki/venv/lib/python3.13/site-packages/django/template/base.py", line 516, in parse
    compiled_result = compile_func(self, token)
  File "/Users/petergangmei/Developer/Crossplatform/django/northeastindia_wiki/venv/lib/python3.13/site-packages/django/template/defaulttags.py", line 961, in do_if
    condition = TemplateIfParser(parser, bits).parse()
                ~~~~~~~~~~~~~~~~^^^^^^^^^^^^^^
  File "/Users/petergangmei/Developer/Crossplatform/django/northeastindia_wiki/venv/lib/python3.13/site-packages/django/template/defaulttags.py", line 894, in __init__
    super().__init__(*args, **kwargs)
    ~~~~~~~~~~~~~~~~^^^^^^^^^^^^^^^^^
  File "/Users/petergangmei/Developer/Crossplatform/django/northeastindia_wiki/venv/lib/python3.13/site-packages/django/template/smartif.py", line 171, in __init__
    mapped_tokens.append(self.translate_token(token))
                         ~~~~~~~~~~~~~~~~~~~~^^^^^^^
  File "/Users/petergangmei/Developer/Crossplatform/django/northeastindia_wiki/venv/lib/python3.13/site-packages/django/template/smartif.py", line 182, in translate_token
    return self.create_var(token)
           ~~~~~~~~~~~~~~~^^^^^^^
  File "/Users/petergangmei/Developer/Crossplatform/django/northeastindia_wiki/venv/lib/python3.13/site-packages/django/template/defaulttags.py", line 897, in create_var
    return TemplateLiteral(self.template_parser.compile_filter(value), value)
                           ~~~~~~~~~~~~~~~~~~~~~~~~~~~~~~~~~~~^^^^^^^
  File "/Users/petergangmei/Developer/Crossplatform/django/northeastindia_wiki/venv/lib/python3.13/site-packages/django/template/base.py", line 609, in compile_filter
    return FilterExpression(token, self)
  File "/Users/petergangmei/Developer/Crossplatform/django/northeastindia_wiki/venv/lib/python3.13/site-packages/django/template/base.py", line 705, in __init__
    filter_func = parser.find_filter(filter_name)
  File "/Users/petergangmei/Developer/Crossplatform/django/northeastindia_wiki/venv/lib/python3.13/site-packages/django/template/base.py", line 615, in find_filter
    raise TemplateSyntaxError("Invalid filter: '%s'" % filter_name)
django.template.exceptions.TemplateSyntaxError: Invalid filter: 'split'
Internal Server Error: /wiki/peter-gangmei/
Traceback (most recent call last):
  File "/Users/petergangmei/Developer/Crossplatform/django/northeastindia_wiki/venv/lib/python3.13/site-packages/django/template/smartif.py", line 180, in translate_token
    op = OPERATORS[token]
         ~~~~~~~~~^^^^^^^
KeyError: "'autoconfirmed,extended_confirmed,reviewer,editor,admin'|split:','"

During handling of the above exception, another exception occurred:

Traceback (most recent call last):
  File "/Users/petergangmei/Developer/Crossplatform/django/northeastindia_wiki/venv/lib/python3.13/site-packages/django/core/handlers/exception.py", line 55, in inner
    response = get_response(request)
  File "/Users/petergangmei/Developer/Crossplatform/django/northeastindia_wiki/venv/lib/python3.13/site-packages/django/core/handlers/base.py", line 197, in _get_response
    response = wrapped_callback(request, *callback_args, **callback_kwargs)
  File "/Users/petergangmei/Developer/Crossplatform/django/northeastindia_wiki/app/views.py", line 322, in article_detail
    return render(request, 'articles/article_detail.html', context)
  File "/Users/petergangmei/Developer/Crossplatform/django/northeastindia_wiki/venv/lib/python3.13/site-packages/django/shortcuts.py", line 25, in render
    content = loader.render_to_string(template_name, context, request, using=using)
  File "/Users/petergangmei/Developer/Crossplatform/django/northeastindia_wiki/venv/lib/python3.13/site-packages/django/template/loader.py", line 61, in render_to_string
    template = get_template(template_name, using=using)
  File "/Users/petergangmei/Developer/Crossplatform/django/northeastindia_wiki/venv/lib/python3.13/site-packages/django/template/loader.py", line 15, in get_template
    return engine.get_template(template_name)
           ~~~~~~~~~~~~~~~~~~~^^^^^^^^^^^^^^^
  File "/Users/petergangmei/Developer/Crossplatform/django/northeastindia_wiki/venv/lib/python3.13/site-packages/django/template/backends/django.py", line 79, in get_template
    return Template(self.engine.get_template(template_name), self)
                    ~~~~~~~~~~~~~~~~~~~~~~~~^^^^^^^^^^^^^^^
  File "/Users/petergangmei/Developer/Crossplatform/django/northeastindia_wiki/venv/lib/python3.13/site-packages/django/template/engine.py", line 177, in get_template
    template, origin = self.find_template(template_name)
                       ~~~~~~~~~~~~~~~~~~^^^^^^^^^^^^^^^
  File "/Users/petergangmei/Developer/Crossplatform/django/northeastindia_wiki/venv/lib/python3.13/site-packages/django/template/engine.py", line 159, in find_template
    template = loader.get_template(name, skip=skip)
  File "/Users/petergangmei/Developer/Crossplatform/django/northeastindia_wiki/venv/lib/python3.13/site-packages/django/template/loaders/cached.py", line 57, in get_template
    template = super().get_template(template_name, skip)
  File "/Users/petergangmei/Developer/Crossplatform/django/northeastindia_wiki/venv/lib/python3.13/site-packages/django/template/loaders/base.py", line 28, in get_template
    return Template(
        contents,
    ...<2 lines>...
        self.engine,
    )
  File "/Users/petergangmei/Developer/Crossplatform/django/northeastindia_wiki/venv/lib/python3.13/site-packages/django/template/base.py", line 154, in __init__
    self.nodelist = self.compile_nodelist()
                    ~~~~~~~~~~~~~~~~~~~~~^^
  File "/Users/petergangmei/Developer/Crossplatform/django/northeastindia_wiki/venv/lib/python3.13/site-packages/django/template/base.py", line 196, in compile_nodelist
    nodelist = parser.parse()
  File "/Users/petergangmei/Developer/Crossplatform/django/northeastindia_wiki/venv/lib/python3.13/site-packages/django/template/base.py", line 518, in parse
    raise self.error(token, e)
  File "/Users/petergangmei/Developer/Crossplatform/django/northeastindia_wiki/venv/lib/python3.13/site-packages/django/template/base.py", line 516, in parse
    compiled_result = compile_func(self, token)
  File "/Users/petergangmei/Developer/Crossplatform/django/northeastindia_wiki/venv/lib/python3.13/site-packages/django/template/loader_tags.py", line 299, in do_extends
    nodelist = parser.parse()
  File "/Users/petergangmei/Developer/Crossplatform/django/northeastindia_wiki/venv/lib/python3.13/site-packages/django/template/base.py", line 518, in parse
    raise self.error(token, e)
  File "/Users/petergangmei/Developer/Crossplatform/django/northeastindia_wiki/venv/lib/python3.13/site-packages/django/template/base.py", line 516, in parse
    compiled_result = compile_func(self, token)
  File "/Users/petergangmei/Developer/Crossplatform/django/northeastindia_wiki/venv/lib/python3.13/site-packages/django/template/loader_tags.py", line 234, in do_block
    nodelist = parser.parse(("endblock",))
  File "/Users/petergangmei/Developer/Crossplatform/django/northeastindia_wiki/venv/lib/python3.13/site-packages/django/template/base.py", line 518, in parse
    raise self.error(token, e)
  File "/Users/petergangmei/Developer/Crossplatform/django/northeastindia_wiki/venv/lib/python3.13/site-packages/django/template/base.py", line 516, in parse
    compiled_result = compile_func(self, token)
  File "/Users/petergangmei/Developer/Crossplatform/django/northeastindia_wiki/venv/lib/python3.13/site-packages/django/template/defaulttags.py", line 961, in do_if
    condition = TemplateIfParser(parser, bits).parse()
                ~~~~~~~~~~~~~~~~^^^^^^^^^^^^^^
  File "/Users/petergangmei/Developer/Crossplatform/django/northeastindia_wiki/venv/lib/python3.13/site-packages/django/template/defaulttags.py", line 894, in __init__
    super().__init__(*args, **kwargs)
    ~~~~~~~~~~~~~~~~^^^^^^^^^^^^^^^^^
  File "/Users/petergangmei/Developer/Crossplatform/django/northeastindia_wiki/venv/lib/python3.13/site-packages/django/template/smartif.py", line 171, in __init__
    mapped_tokens.append(self.translate_token(token))
                         ~~~~~~~~~~~~~~~~~~~~^^^^^^^
  File "/Users/petergangmei/Developer/Crossplatform/django/northeastindia_wiki/venv/lib/python3.13/site-packages/django/template/smartif.py", line 182, in translate_token
    return self.create_var(token)
           ~~~~~~~~~~~~~~~^^^^^^^
  File "/Users/petergangmei/Developer/Crossplatform/django/northeastindia_wiki/venv/lib/python3.13/site-packages/django/template/defaulttags.py", line 897, in create_var
    return TemplateLiteral(self.template_parser.compile_filter(value), value)
                           ~~~~~~~~~~~~~~~~~~~~~~~~~~~~~~~~~~~^^^^^^^
  File "/Users/petergangmei/Developer/Crossplatform/django/northeastindia_wiki/venv/lib/python3.13/site-packages/django/template/base.py", line 609, in compile_filter
    return FilterExpression(token, self)
  File "/Users/petergangmei/Developer/Crossplatform/django/northeastindia_wiki/venv/lib/python3.13/site-packages/django/template/base.py", line 705, in __init__
    filter_func = parser.find_filter(filter_name)
  File "/Users/petergangmei/Developer/Crossplatform/django/northeastindia_wiki/venv/lib/python3.13/site-packages/django/template/base.py", line 615, in find_filter
    raise TemplateSyntaxError("Invalid filter: '%s'" % filter_name)
django.template.exceptions.TemplateSyntaxError: Invalid filter: 'split'
[02/Aug/2025 14:05:02] "GET /wiki/peter-gangmei/ HTTP/1.1" 500 327192
Not Found: /favicon.ico
Not Found: /favicon.ico
[02/Aug/2025 14:05:02] "GET /favicon.ico HTTP/1.1" 404 18284
Internal Server Error: /wiki/nagaland/
Traceback (most recent call last):
  File "/Users/petergangmei/Developer/Crossplatform/django/northeastindia_wiki/venv/lib/python3.13/site-packages/django/template/smartif.py", line 180, in translate_token
    op = OPERATORS[token]
         ~~~~~~~~~^^^^^^^
KeyError: "'autoconfirmed,extended_confirmed,reviewer,editor,admin'|split:','"

During handling of the above exception, another exception occurred:

Traceback (most recent call last):
  File "/Users/petergangmei/Developer/Crossplatform/django/northeastindia_wiki/venv/lib/python3.13/site-packages/django/core/handlers/exception.py", line 55, in inner
    response = get_response(request)
  File "/Users/petergangmei/Developer/Crossplatform/django/northeastindia_wiki/venv/lib/python3.13/site-packages/django/core/handlers/base.py", line 197, in _get_response
    response = wrapped_callback(request, *callback_args, **callback_kwargs)
  File "/Users/petergangmei/Developer/Crossplatform/django/northeastindia_wiki/app/views.py", line 322, in article_detail
    return render(request, 'articles/article_detail.html', context)
  File "/Users/petergangmei/Developer/Crossplatform/django/northeastindia_wiki/venv/lib/python3.13/site-packages/django/shortcuts.py", line 25, in render
    content = loader.render_to_string(template_name, context, request, using=using)
  File "/Users/petergangmei/Developer/Crossplatform/django/northeastindia_wiki/venv/lib/python3.13/site-packages/django/template/loader.py", line 61, in render_to_string
    template = get_template(template_name, using=using)
  File "/Users/petergangmei/Developer/Crossplatform/django/northeastindia_wiki/venv/lib/python3.13/site-packages/django/template/loader.py", line 15, in get_template
    return engine.get_template(template_name)
           ~~~~~~~~~~~~~~~~~~~^^^^^^^^^^^^^^^
  File "/Users/petergangmei/Developer/Crossplatform/django/northeastindia_wiki/venv/lib/python3.13/site-packages/django/template/backends/django.py", line 79, in get_template
    return Template(self.engine.get_template(template_name), self)
                    ~~~~~~~~~~~~~~~~~~~~~~~~^^^^^^^^^^^^^^^
  File "/Users/petergangmei/Developer/Crossplatform/django/northeastindia_wiki/venv/lib/python3.13/site-packages/django/template/engine.py", line 177, in get_template
    template, origin = self.find_template(template_name)
                       ~~~~~~~~~~~~~~~~~~^^^^^^^^^^^^^^^
  File "/Users/petergangmei/Developer/Crossplatform/django/northeastindia_wiki/venv/lib/python3.13/site-packages/django/template/engine.py", line 159, in find_template
    template = loader.get_template(name, skip=skip)
  File "/Users/petergangmei/Developer/Crossplatform/django/northeastindia_wiki/venv/lib/python3.13/site-packages/django/template/loaders/cached.py", line 57, in get_template
    template = super().get_template(template_name, skip)
  File "/Users/petergangmei/Developer/Crossplatform/django/northeastindia_wiki/venv/lib/python3.13/site-packages/django/template/loaders/base.py", line 28, in get_template
    return Template(
        contents,
    ...<2 lines>...
        self.engine,
    )
  File "/Users/petergangmei/Developer/Crossplatform/django/northeastindia_wiki/venv/lib/python3.13/site-packages/django/template/base.py", line 154, in __init__
    self.nodelist = self.compile_nodelist()
                    ~~~~~~~~~~~~~~~~~~~~~^^
  File "/Users/petergangmei/Developer/Crossplatform/django/northeastindia_wiki/venv/lib/python3.13/site-packages/django/template/base.py", line 196, in compile_nodelist
    nodelist = parser.parse()
  File "/Users/petergangmei/Developer/Crossplatform/django/northeastindia_wiki/venv/lib/python3.13/site-packages/django/template/base.py", line 518, in parse
    raise self.error(token, e)
  File "/Users/petergangmei/Developer/Crossplatform/django/northeastindia_wiki/venv/lib/python3.13/site-packages/django/template/base.py", line 516, in parse
    compiled_result = compile_func(self, token)
  File "/Users/petergangmei/Developer/Crossplatform/django/northeastindia_wiki/venv/lib/python3.13/site-packages/django/template/loader_tags.py", line 299, in do_extends
    nodelist = parser.parse()
  File "/Users/petergangmei/Developer/Crossplatform/django/northeastindia_wiki/venv/lib/python3.13/site-packages/django/template/base.py", line 518, in parse
    raise self.error(token, e)
  File "/Users/petergangmei/Developer/Crossplatform/django/northeastindia_wiki/venv/lib/python3.13/site-packages/django/template/base.py", line 516, in parse
    compiled_result = compile_func(self, token)
  File "/Users/petergangmei/Developer/Crossplatform/django/northeastindia_wiki/venv/lib/python3.13/site-packages/django/template/loader_tags.py", line 234, in do_block
    nodelist = parser.parse(("endblock",))
  File "/Users/petergangmei/Developer/Crossplatform/django/northeastindia_wiki/venv/lib/python3.13/site-packages/django/template/base.py", line 518, in parse
    raise self.error(token, e)
  File "/Users/petergangmei/Developer/Crossplatform/django/northeastindia_wiki/venv/lib/python3.13/site-packages/django/template/base.py", line 516, in parse
    compiled_result = compile_func(self, token)
  File "/Users/petergangmei/Developer/Crossplatform/django/northeastindia_wiki/venv/lib/python3.13/site-packages/django/template/defaulttags.py", line 961, in do_if
    condition = TemplateIfParser(parser, bits).parse()
                ~~~~~~~~~~~~~~~~^^^^^^^^^^^^^^
  File "/Users/petergangmei/Developer/Crossplatform/django/northeastindia_wiki/venv/lib/python3.13/site-packages/django/template/defaulttags.py", line 894, in __init__
    super().__init__(*args, **kwargs)
    ~~~~~~~~~~~~~~~~^^^^^^^^^^^^^^^^^
  File "/Users/petergangmei/Developer/Crossplatform/django/northeastindia_wiki/venv/lib/python3.13/site-packages/django/template/smartif.py", line 171, in __init__
    mapped_tokens.append(self.translate_token(token))
                         ~~~~~~~~~~~~~~~~~~~~^^^^^^^
  File "/Users/petergangmei/Developer/Crossplatform/django/northeastindia_wiki/venv/lib/python3.13/site-packages/django/template/smartif.py", line 182, in translate_token
    return self.create_var(token)
           ~~~~~~~~~~~~~~~^^^^^^^
  File "/Users/petergangmei/Developer/Crossplatform/django/northeastindia_wiki/venv/lib/python3.13/site-packages/django/template/defaulttags.py", line 897, in create_var
    return TemplateLiteral(self.template_parser.compile_filter(value), value)
                           ~~~~~~~~~~~~~~~~~~~~~~~~~~~~~~~~~~~^^^^^^^
  File "/Users/petergangmei/Developer/Crossplatform/django/northeastindia_wiki/venv/lib/python3.13/site-packages/django/template/base.py", line 609, in compile_filter
    return FilterExpression(token, self)
  File "/Users/petergangmei/Developer/Crossplatform/django/northeastindia_wiki/venv/lib/python3.13/site-packages/django/template/base.py", line 705, in __init__
    filter_func = parser.find_filter(filter_name)
  File "/Users/petergangmei/Developer/Crossplatform/django/northeastindia_wiki/venv/lib/python3.13/site-packages/django/template/base.py", line 615, in find_filter
    raise TemplateSyntaxError("Invalid filter: '%s'" % filter_name)
django.template.exceptions.TemplateSyntaxError: Invalid filter: 'split'
Internal Server Error: /wiki/nagaland/
Traceback (most recent call last):
  File "/Users/petergangmei/Developer/Crossplatform/django/northeastindia_wiki/venv/lib/python3.13/site-packages/django/template/smartif.py", line 180, in translate_token
    op = OPERATORS[token]
         ~~~~~~~~~^^^^^^^
KeyError: "'autoconfirmed,extended_confirmed,reviewer,editor,admin'|split:','"

During handling of the above exception, another exception occurred:

Traceback (most recent call last):
  File "/Users/petergangmei/Developer/Crossplatform/django/northeastindia_wiki/venv/lib/python3.13/site-packages/django/core/handlers/exception.py", line 55, in inner
    response = get_response(request)
  File "/Users/petergangmei/Developer/Crossplatform/django/northeastindia_wiki/venv/lib/python3.13/site-packages/django/core/handlers/base.py", line 197, in _get_response
    response = wrapped_callback(request, *callback_args, **callback_kwargs)
  File "/Users/petergangmei/Developer/Crossplatform/django/northeastindia_wiki/app/views.py", line 322, in article_detail
    return render(request, 'articles/article_detail.html', context)
  File "/Users/petergangmei/Developer/Crossplatform/django/northeastindia_wiki/venv/lib/python3.13/site-packages/django/shortcuts.py", line 25, in render
    content = loader.render_to_string(template_name, context, request, using=using)
  File "/Users/petergangmei/Developer/Crossplatform/django/northeastindia_wiki/venv/lib/python3.13/site-packages/django/template/loader.py", line 61, in render_to_string
    template = get_template(template_name, using=using)
  File "/Users/petergangmei/Developer/Crossplatform/django/northeastindia_wiki/venv/lib/python3.13/site-packages/django/template/loader.py", line 15, in get_template
    return engine.get_template(template_name)
           ~~~~~~~~~~~~~~~~~~~^^^^^^^^^^^^^^^
  File "/Users/petergangmei/Developer/Crossplatform/django/northeastindia_wiki/venv/lib/python3.13/site-packages/django/template/backends/django.py", line 79, in get_template
    return Template(self.engine.get_template(template_name), self)
                    ~~~~~~~~~~~~~~~~~~~~~~~~^^^^^^^^^^^^^^^
  File "/Users/petergangmei/Developer/Crossplatform/django/northeastindia_wiki/venv/lib/python3.13/site-packages/django/template/engine.py", line 177, in get_template
    template, origin = self.find_template(template_name)
                       ~~~~~~~~~~~~~~~~~~^^^^^^^^^^^^^^^
  File "/Users/petergangmei/Developer/Crossplatform/django/northeastindia_wiki/venv/lib/python3.13/site-packages/django/template/engine.py", line 159, in find_template
    template = loader.get_template(name, skip=skip)
  File "/Users/petergangmei/Developer/Crossplatform/django/northeastindia_wiki/venv/lib/python3.13/site-packages/django/template/loaders/cached.py", line 57, in get_template
    template = super().get_template(template_name, skip)
  File "/Users/petergangmei/Developer/Crossplatform/django/northeastindia_wiki/venv/lib/python3.13/site-packages/django/template/loaders/base.py", line 28, in get_template
    return Template(
        contents,
    ...<2 lines>...
        self.engine,
    )
  File "/Users/petergangmei/Developer/Crossplatform/django/northeastindia_wiki/venv/lib/python3.13/site-packages/django/template/base.py", line 154, in __init__
    self.nodelist = self.compile_nodelist()
                    ~~~~~~~~~~~~~~~~~~~~~^^
  File "/Users/petergangmei/Developer/Crossplatform/django/northeastindia_wiki/venv/lib/python3.13/site-packages/django/template/base.py", line 196, in compile_nodelist
    nodelist = parser.parse()
  File "/Users/petergangmei/Developer/Crossplatform/django/northeastindia_wiki/venv/lib/python3.13/site-packages/django/template/base.py", line 518, in parse
    raise self.error(token, e)
  File "/Users/petergangmei/Developer/Crossplatform/django/northeastindia_wiki/venv/lib/python3.13/site-packages/django/template/base.py", line 516, in parse
    compiled_result = compile_func(self, token)
  File "/Users/petergangmei/Developer/Crossplatform/django/northeastindia_wiki/venv/lib/python3.13/site-packages/django/template/loader_tags.py", line 299, in do_extends
    nodelist = parser.parse()
  File "/Users/petergangmei/Developer/Crossplatform/django/northeastindia_wiki/venv/lib/python3.13/site-packages/django/template/base.py", line 518, in parse
    raise self.error(token, e)
  File "/Users/petergangmei/Developer/Crossplatform/django/northeastindia_wiki/venv/lib/python3.13/site-packages/django/template/base.py", line 516, in parse
    compiled_result = compile_func(self, token)
  File "/Users/petergangmei/Developer/Crossplatform/django/northeastindia_wiki/venv/lib/python3.13/site-packages/django/template/loader_tags.py", line 234, in do_block
    nodelist = parser.parse(("endblock",))
  File "/Users/petergangmei/Developer/Crossplatform/django/northeastindia_wiki/venv/lib/python3.13/site-packages/django/template/base.py", line 518, in parse
    raise self.error(token, e)
  File "/Users/petergangmei/Developer/Crossplatform/django/northeastindia_wiki/venv/lib/python3.13/site-packages/django/template/base.py", line 516, in parse
    compiled_result = compile_func(self, token)
  File "/Users/petergangmei/Developer/Crossplatform/django/northeastindia_wiki/venv/lib/python3.13/site-packages/django/template/defaulttags.py", line 961, in do_if
    condition = TemplateIfParser(parser, bits).parse()
                ~~~~~~~~~~~~~~~~^^^^^^^^^^^^^^
  File "/Users/petergangmei/Developer/Crossplatform/django/northeastindia_wiki/venv/lib/python3.13/site-packages/django/template/defaulttags.py", line 894, in __init__
    super().__init__(*args, **kwargs)
    ~~~~~~~~~~~~~~~~^^^^^^^^^^^^^^^^^
  File "/Users/petergangmei/Developer/Crossplatform/django/northeastindia_wiki/venv/lib/python3.13/site-packages/django/template/smartif.py", line 171, in __init__
    mapped_tokens.append(self.translate_token(token))
                         ~~~~~~~~~~~~~~~~~~~~^^^^^^^
  File "/Users/petergangmei/Developer/Crossplatform/django/northeastindia_wiki/venv/lib/python3.13/site-packages/django/template/smartif.py", line 182, in translate_token
    return self.create_var(token)
           ~~~~~~~~~~~~~~~^^^^^^^
  File "/Users/petergangmei/Developer/Crossplatform/django/northeastindia_wiki/venv/lib/python3.13/site-packages/django/template/defaulttags.py", line 897, in create_var
    return TemplateLiteral(self.template_parser.compile_filter(value), value)
                           ~~~~~~~~~~~~~~~~~~~~~~~~~~~~~~~~~~~^^^^^^^
  File "/Users/petergangmei/Developer/Crossplatform/django/northeastindia_wiki/venv/lib/python3.13/site-packages/django/template/base.py", line 609, in compile_filter
    return FilterExpression(token, self)
  File "/Users/petergangmei/Developer/Crossplatform/django/northeastindia_wiki/venv/lib/python3.13/site-packages/django/template/base.py", line 705, in __init__
    filter_func = parser.find_filter(filter_name)
  File "/Users/petergangmei/Developer/Crossplatform/django/northeastindia_wiki/venv/lib/python3.13/site-packages/django/template/base.py", line 615, in find_filter
    raise TemplateSyntaxError("Invalid filter: '%s'" % filter_name)
django.template.exceptions.TemplateSyntaxError: Invalid filter: 'split'
[02/Aug/2025 14:05:11] "GET /wiki/nagaland/ HTTP/1.1" 500 327056
[02/Aug/2025 14:06:04] "GET /wiki/peter-gangmei/ HTTP/1.1" 200 58764
[02/Aug/2025 14:06:33] "GET /wiki/peter-gangmei/request-deletion/ HTTP/1.1" 200 31994
[02/Aug/2025 14:07:35] "POST /wiki/peter-gangmei/request-deletion/ HTTP/1.1" 302 0
[02/Aug/2025 14:07:35] "GET /wiki/peter-gangmei/ HTTP/1.1" 200 60608
